<?xml version="1.0" encoding="UTF-8"?>
<!-- Generated by org.testng.reporters.JUnitReportReporter -->
<testsuite hostname="rganjare" failures="0" tests="1" name="com.companyname.projectname.modulename.testcases.TabsAndWindows_PropsFiles" time="21.095" errors="0" timestamp="2024-08-28T21:43:45 IST" skipped="0">
  <testcase classname="com.companyname.projectname.modulename.testcases.TabsAndWindows_PropsFiles" name="loginTest" time="21.095"/>
</testsuite> <!-- com.companyname.projectname.modulename.testcases.TabsAndWindows_PropsFiles -->
