<?xml version="1.0" encoding="UTF-8"?>
<!-- Generated by org.testng.reporters.JUnitReportReporter -->
<testsuite hostname="rganjare" failures="0" tests="1" name="com.companyname.projectname.modulename.testcases.RegisterNewUserTestData" time="61.372" errors="0" timestamp="2024-09-20T22:12:08 IST" skipped="0">
  <testcase classname="com.companyname.projectname.modulename.testcases.RegisterNewUserTestData" name="registerNewUserTestData" time="61.372"/>
</testsuite> <!-- com.companyname.projectname.modulename.testcases.RegisterNewUserTestData -->
