<?xml version="1.0" encoding="UTF-8"?>
<!-- Generated by org.testng.reporters.JUnitReportReporter -->
<testsuite hostname="rganjare" failures="0" tests="1" name="com.companyname.projectname.modulename.testcases.TabsAndWindows_PropsFiles_2" time="20.557" errors="0" timestamp="2024-08-30T21:36:51 IST" skipped="0">
  <testcase classname="com.companyname.projectname.modulename.testcases.TabsAndWindows_PropsFiles_2" name="loginTest_2" time="20.557"/>
</testsuite> <!-- com.companyname.projectname.modulename.testcases.TabsAndWindows_PropsFiles_2 -->
