<?xml version="1.0" encoding="UTF-8"?>
<!-- Generated by org.testng.reporters.JUnitReportReporter -->
<testsuite hostname="rganjare" failures="0" tests="1" name="com.companyname.projectname.modulename.testcases.RegisterNewUserTestDataWithDP_POM_1" time="5.016" errors="0" timestamp="2024-09-27T22:21:42 IST" skipped="1">
  <testcase classname="com.companyname.projectname.modulename.testcases.RegisterNewUserTestDataWithDP_POM_1" name="registerNewUserTestDataWithDP_POM_1" time="5.016">
    <skipped/>
  </testcase> <!-- registerNewUserTestDataWithDP_POM_1 -->
</testsuite> <!-- com.companyname.projectname.modulename.testcases.RegisterNewUserTestDataWithDP_POM_1 -->
