<?xml version="1.0" encoding="UTF-8"?>
<!-- Generated by org.testng.reporters.JUnitReportReporter -->
<testsuite hostname="rganjare" failures="0" tests="3" name="com.companyname.projectname.modulename.testcases.RegisterNewUserTestDataWithDP2" time="60.368" errors="0" timestamp="2024-09-23T13:57:31 IST" skipped="0">
  <testcase classname="com.companyname.projectname.modulename.testcases.RegisterNewUserTestDataWithDP2" name="registerNewUserTestDataWithDP" time="16.609"/>
  <testcase classname="com.companyname.projectname.modulename.testcases.RegisterNewUserTestDataWithDP2" name="registerNewUserTestDataWithDP" time="19.726"/>
  <testcase classname="com.companyname.projectname.modulename.testcases.RegisterNewUserTestDataWithDP2" name="registerNewUserTestDataWithDP" time="24.033"/>
</testsuite> <!-- com.companyname.projectname.modulename.testcases.RegisterNewUserTestDataWithDP2 -->
