<?xml version="1.0" encoding="UTF-8"?>
<!-- Generated by org.testng.reporters.JUnitReportReporter -->
<testsuite hostname="rganjare" failures="0" tests="1" name="com.companyname.projectname.modulename.testcases.TabsAndWindows_PropsFiles_1" time="25.328" errors="0" timestamp="2024-08-30T22:39:25 IST" skipped="0">
  <testcase classname="com.companyname.projectname.modulename.testcases.TabsAndWindows_PropsFiles_1" name="loginTest_1" time="25.328"/>
</testsuite> <!-- com.companyname.projectname.modulename.testcases.TabsAndWindows_PropsFiles_1 -->
