<?xml version="1.0" encoding="UTF-8"?>
<!-- Generated by org.testng.reporters.JUnitReportReporter -->
<testsuite hostname="rganjare" failures="0" tests="1" name="com.companyname.projectname.modulename.testcases.RegisterNewUserTestDataWithDP" time="33.552" errors="0" timestamp="2024-09-27T22:21:42 IST" skipped="0">
  <testcase classname="com.companyname.projectname.modulename.testcases.RegisterNewUserTestDataWithDP" name="registerNewUserTestDataWithDP" time="33.552"/>
</testsuite> <!-- com.companyname.projectname.modulename.testcases.RegisterNewUserTestDataWithDP -->
