<?xml version="1.0" encoding="UTF-8"?>
<!-- Generated by org.testng.reporters.JUnitReportReporter -->
<testsuite hostname="rganjare" failures="0" tests="1" name="com.companyname.projectname.modulename.testcases.TabsAndWindows_PropsFiles_4" time="18.303" errors="0" timestamp="2024-08-30T21:36:51 IST" skipped="0">
  <testcase classname="com.companyname.projectname.modulename.testcases.TabsAndWindows_PropsFiles_4" name="loginTest_4" time="18.303"/>
</testsuite> <!-- com.companyname.projectname.modulename.testcases.TabsAndWindows_PropsFiles_4 -->
