<?xml version="1.0" encoding="UTF-8"?>
<!-- Generated by org.testng.reporters.JUnitReportReporter -->
<testsuite hostname="rganjare" failures="0" tests="1" name="com.companyname.projectname.modulename.testcases.RegisterNewUserTestDataWithDP" time="23.471" errors="0" timestamp="2024-10-23T21:17:06 IST" skipped="0">
  <testcase classname="com.companyname.projectname.modulename.testcases.RegisterNewUserTestDataWithDP" name="registerNewUserTestDataWithDP" time="23.471"/>
</testsuite> <!-- com.companyname.projectname.modulename.testcases.RegisterNewUserTestDataWithDP -->
