<?xml version="1.0" encoding="UTF-8"?>
<!-- Generated by org.testng.reporters.JUnitReportReporter -->
<testsuite hostname="rganjare" failures="0" tests="1" name="com.companyname.projectname.modulename.testcases.RegisterNewUserTestDataWithDP_POM_3" time="5.014" errors="0" timestamp="2024-10-07T22:09:18 IST" skipped="1">
  <testcase classname="com.companyname.projectname.modulename.testcases.RegisterNewUserTestDataWithDP_POM_3" name="registerNewUserTestDataWithDP_POM_3" time="5.014">
    <skipped/>
  </testcase> <!-- registerNewUserTestDataWithDP_POM_3 -->
</testsuite> <!-- com.companyname.projectname.modulename.testcases.RegisterNewUserTestDataWithDP_POM_3 -->
