<?xml version="1.0" encoding="UTF-8"?>
<!-- Generated by org.testng.reporters.JUnitReportReporter -->
<testsuite hostname="rganjare" failures="0" tests="1" name="com.companyname.projectname.modulename.testcases.RegisterNewUserTestDataWithDP" time="52.620" errors="0" timestamp="2024-10-07T22:09:18 IST" skipped="0">
  <testcase classname="com.companyname.projectname.modulename.testcases.RegisterNewUserTestDataWithDP" name="registerNewUserTestDataWithDP" time="52.620"/>
</testsuite> <!-- com.companyname.projectname.modulename.testcases.RegisterNewUserTestDataWithDP -->
