<?xml version="1.0" encoding="UTF-8"?>
<!-- Generated by org.testng.reporters.JUnitReportReporter -->
<testsuite hostname="rganjare" failures="0" tests="1" name="com.companyname.projectname.modulename.testcases.RegisterNewUserTestDataWithDP_POM" time="5.012" errors="0" timestamp="2024-10-07T22:09:18 IST" skipped="1">
  <testcase classname="com.companyname.projectname.modulename.testcases.RegisterNewUserTestDataWithDP_POM" name="registerNewUserTestDataWithDP_POM" time="5.012">
    <skipped/>
  </testcase> <!-- registerNewUserTestDataWithDP_POM -->
</testsuite> <!-- com.companyname.projectname.modulename.testcases.RegisterNewUserTestDataWithDP_POM -->
